<?xml version="1.0" encoding="UTF-8"?>
<testsuites name="Mocha Tests" time="6.658" tests="2" failures="0">
  <testsuite name="Root Suite" timestamp="2025-05-01T02:11:40" tests="0" file="cypress\e2e\login.cy.js" time="0.000" failures="0">
  </testsuite>
  <testsuite name="Login" timestamp="2025-05-01T02:11:40" tests="2" time="6.657" failures="0">
    <testcase name="Login Realizar login com sucesso" time="3.212" classname="Realizar login com sucesso">
    </testcase>
    <testcase name="Login Realizar login informando credencias inválidas" time="1.395" classname="Realizar login informando credencias inválidas">
    </testcase>
  </testsuite>
</testsuites>